<?xml version="1.0" encoding="UTF-8"?>
<!-- Generated by org.testng.reporters.JUnitReportReporter -->
<testsuite skipped="0" hostname="DESKTOP-F6ONNM9" name="com.training.sanity.tests.RETC_043" tests="1" failures="0" timestamp="01 Jan 2019 10:19:57 GMT" time="24.100" errors="0">
  <testcase name="validLoginTest" time="24.100" classname="com.training.sanity.tests.RETC_043"/>
</testsuite> <!-- com.training.sanity.tests.RETC_043 -->
