<?xml version="1.0" encoding="UTF-8"?>
<!-- Generated by org.testng.reporters.JUnitReportReporter -->
<testsuite skipped="0" hostname="DESKTOP-F6ONNM9" name="com.training.sanity.tests.RETC_002" tests="1" failures="0" timestamp="23 Dec 2018 10:18:45 GMT" time="4.709" errors="0">
  <testcase name="validLoginTest" time="4.709" classname="com.training.sanity.tests.RETC_002"/>
</testsuite> <!-- com.training.sanity.tests.RETC_002 -->
