<?xml version="1.0" encoding="UTF-8"?>
<!-- Generated by org.testng.reporters.JUnitReportReporter -->
<testsuite skipped="0" hostname="DESKTOP-F6ONNM9" name="com.training.sanity.tests.RETC_047" tests="1" failures="0" timestamp="30 Dec 2018 11:26:51 GMT" time="36.037" errors="0">
  <testcase name="validLoginTest" time="36.037" classname="com.training.sanity.tests.RETC_047"/>
</testsuite> <!-- com.training.sanity.tests.RETC_047 -->
