<?xml version="1.0" encoding="UTF-8"?>
<!-- Generated by org.testng.reporters.JUnitReportReporter -->
<testsuite skipped="0" hostname="DESKTOP-F6ONNM9" name="com.training.sanity.tests.RETC_002" tests="1" failures="0" timestamp="22 Dec 2018 10:26:27 GMT" time="5.440" errors="0">
  <testcase name="validLoginTest" time="5.440" classname="com.training.sanity.tests.RETC_002"/>
</testsuite> <!-- com.training.sanity.tests.RETC_002 -->
