<?xml version="1.0" encoding="UTF-8"?>
<!-- Generated by org.testng.reporters.JUnitReportReporter -->
<testsuite skipped="0" hostname="DESKTOP-F6ONNM9" name="com.training.sanity.tests.RETC_037" tests="1" failures="0" timestamp="28 Dec 2018 11:33:23 GMT" time="16.686" errors="0">
  <testcase name="validLoginTest" time="16.686" classname="com.training.sanity.tests.RETC_037"/>
</testsuite> <!-- com.training.sanity.tests.RETC_037 -->
