<?xml version="1.0" encoding="UTF-8"?>
<!-- Generated by org.testng.reporters.JUnitReportReporter -->
<testsuite skipped="0" hostname="DESKTOP-F6ONNM9" name="com.training.sanity.tests.RETC_001" tests="1" failures="0" timestamp="21 Dec 2018 10:16:30 GMT" time="5.725" errors="0">
  <testcase name="validLoginTest" time="5.725" classname="com.training.sanity.tests.RETC_001"/>
</testsuite> <!-- com.training.sanity.tests.RETC_001 -->
