<?xml version="1.0" encoding="UTF-8"?>
<!-- Generated by org.testng.reporters.JUnitReportReporter -->
<testsuite skipped="0" hostname="DESKTOP-F6ONNM9" name="com.training.sanity.tests.RETC_055" tests="1" failures="0" timestamp="01 Jan 2019 08:45:14 GMT" time="35.003" errors="0">
  <testcase name="validLoginTest" time="35.003" classname="com.training.sanity.tests.RETC_055"/>
</testsuite> <!-- com.training.sanity.tests.RETC_055 -->
