<?xml version="1.0" encoding="UTF-8"?>
<!-- Generated by org.testng.reporters.JUnitReportReporter -->
<testsuite skipped="0" hostname="DESKTOP-F6ONNM9" name="com.training.sanity.tests.RETC_005" tests="1" failures="0" timestamp="23 Dec 2018 13:33:09 GMT" time="9.272" errors="0">
  <testcase name="validLoginTest" time="9.272" classname="com.training.sanity.tests.RETC_005"/>
</testsuite> <!-- com.training.sanity.tests.RETC_005 -->
