<?xml version="1.0" encoding="UTF-8"?>
<!-- Generated by org.testng.reporters.JUnitReportReporter -->
<testsuite skipped="0" hostname="DESKTOP-F6ONNM9" name="com.training.sanity.tests.RETC_031" tests="1" failures="0" timestamp="01 Jan 2019 10:13:36 GMT" time="32.752" errors="0">
  <testcase name="validLoginTest" time="32.752" classname="com.training.sanity.tests.RETC_031"/>
</testsuite> <!-- com.training.sanity.tests.RETC_031 -->
