<?xml version="1.0" encoding="UTF-8"?>
<!-- Generated by org.testng.reporters.JUnitReportReporter -->
<testsuite skipped="0" hostname="DESKTOP-F6ONNM9" name="com.training.sanity.tests.RETC_049" tests="1" failures="0" timestamp="01 Jan 2019 10:21:33 GMT" time="29.372" errors="0">
  <testcase name="validLoginTest" time="29.372" classname="com.training.sanity.tests.RETC_049"/>
</testsuite> <!-- com.training.sanity.tests.RETC_049 -->
